/*C12*/SET SCHEMA PUBLIC
DELETE FROM MECHANICS WHERE ID=9
INSERT INTO MECHANICS VALUES(9,'\u041f\u0430\u0432\u0435\u043b','\u0410\u043d\u0430\u0442\u043e\u043b\u044c\u0435\u0432\u0438\u0447','\u041a\u0430\u0442\u044e\u0448\u0438\u043d',200,4)
COMMIT
INSERT INTO ORDERS VALUES(17,'\u0420\u0435\u043c\u043e\u043d\u0442 \u0410\u041a\u041f\u041f',8,9,'2019-07-01','2019-07-16',28000,'\u0417\u0430\u043f\u043b\u0430\u043d\u0438\u0440\u043e\u0432\u0430\u043d')
COMMIT
DELETE FROM ORDERS WHERE ID=11
INSERT INTO ORDERS VALUES(11,'\u041f\u0440\u043e\u043c\u044b\u0432\u043a\u0430 \u0442\u043e\u043f\u043b\u0438\u0432\u043d\u043e\u0439 \u0441\u0438\u0441\u0442\u0435\u043c\u044b',9,8,'2019-06-21','2019-07-04',24000,'\u0417\u0430\u043f\u043b\u0430\u043d\u0438\u0440\u043e\u0432\u0430\u043d')
COMMIT
DELETE FROM ORDERS WHERE ID=1
INSERT INTO ORDERS VALUES(1,'\u041a\u0430\u043f. \u0440\u0435\u043c\u043e\u043d\u0442 \u0434\u0432\u0438\u0433\u0430\u0442\u0435\u043b\u044f',1,8,'2019-06-12','2019-08-09',55000,'\u0417\u0430\u043f\u043b\u0430\u043d\u0438\u0440\u043e\u0432\u0430\u043d')
COMMIT
DELETE FROM MECHANICS WHERE ID=9
INSERT INTO MECHANICS VALUES(9,'\u041f\u0430\u0432\u0435\u043b','\u0410\u043d\u0430\u0442\u043e\u043b\u044c\u0435\u0432\u0438\u0447','\u041a\u0430\u0442\u044e\u0448\u0438\u043d',200,3)
COMMIT
DELETE FROM MECHANICS WHERE ID=11
INSERT INTO MECHANICS VALUES(11,'\u0421\u0435\u0440\u0433\u0435\u0439','\u0410\u043d\u0442\u043e\u043d\u043e\u0432\u0438\u0447','\u041f\u0435\u0440\u0435\u043f\u0435\u043b\u043e\u0432',220,1)
COMMIT
DELETE FROM ORDERS WHERE ID=6
INSERT INTO ORDERS VALUES(6,'\u0428\u0438\u043d\u043e\u043c\u043e\u043d\u0442\u0430\u0436',2,11,'2019-06-19','2019-07-05',1500,'\u0412\u044b\u043f\u043e\u043b\u043d\u0435\u043d')
COMMIT
